2022-05-14 15:47:56,237 [INFO] com.booking.details.BookingDetailsMicroServicesApplication [restartedMain] Starting BookingDetailsMicroServicesApplication using Java 17.0.3.1 on DESKTOP-8DC6F4G with PID 10392 (D:\Railway Project\Booking-Details-MicroServices\target\classes started by nites in D:\Railway Project\Booking-Details-MicroServices)
2022-05-14 15:47:56,240 [INFO] com.booking.details.BookingDetailsMicroServicesApplication [restartedMain] No active profile set, falling back to 1 default profile: "default"
2022-05-14 15:47:56,410 [INFO] org.springframework.boot.devtools.env.DevToolsPropertyDefaultsPostProcessor [restartedMain] Devtools property defaults active! Set 'spring.devtools.add-properties' to 'false' to disable
2022-05-14 15:47:56,411 [INFO] org.springframework.boot.devtools.env.DevToolsPropertyDefaultsPostProcessor [restartedMain] For additional web related logging consider setting the 'logging.level.web' property to 'DEBUG'
2022-05-14 15:47:59,270 [INFO] org.springframework.data.repository.config.RepositoryConfigurationDelegate [restartedMain] Bootstrapping Spring Data MongoDB repositories in DEFAULT mode.
2022-05-14 15:47:59,624 [INFO] org.springframework.data.repository.config.RepositoryConfigurationDelegate [restartedMain] Finished Spring Data repository scanning in 338 ms. Found 1 MongoDB repository interfaces.
2022-05-14 15:48:00,536 [INFO] org.springframework.cloud.context.scope.GenericScope [restartedMain] BeanFactory id=8788db14-4d15-38a4-a4a8-45016986e9b0
2022-05-14 15:48:02,949 [INFO] org.springframework.boot.web.embedded.tomcat.TomcatWebServer [restartedMain] Tomcat initialized with port(s): 8082 (http)
2022-05-14 15:48:02,985 [INFO] org.apache.catalina.core.StandardService [restartedMain] Starting service [Tomcat]
2022-05-14 15:48:02,985 [INFO] org.apache.catalina.core.StandardEngine [restartedMain] Starting Servlet engine: [Apache Tomcat/9.0.62]
2022-05-14 15:48:03,170 [INFO] org.apache.catalina.core.ContainerBase.[Tomcat].[localhost].[/] [restartedMain] Initializing Spring embedded WebApplicationContext
2022-05-14 15:48:03,171 [INFO] org.springframework.boot.web.servlet.context.ServletWebServerApplicationContext [restartedMain] Root WebApplicationContext: initialization completed in 6741 ms
2022-05-14 15:48:03,560 [INFO] org.mongodb.driver.cluster [restartedMain] Cluster created with settings {hosts=[localhost:27017], mode=SINGLE, requiredClusterType=UNKNOWN, serverSelectionTimeout='30000 ms'}
2022-05-14 15:48:03,707 [INFO] org.mongodb.driver.connection [cluster-rtt-ClusterId{value='627f81dbb6995e02cfa688ab', description='null'}-localhost:27017] Opened connection [connectionId{localValue:2, serverValue:8}] to localhost:27017
2022-05-14 15:48:03,707 [INFO] org.mongodb.driver.connection [cluster-ClusterId{value='627f81dbb6995e02cfa688ab', description='null'}-localhost:27017] Opened connection [connectionId{localValue:1, serverValue:7}] to localhost:27017
2022-05-14 15:48:03,708 [INFO] org.mongodb.driver.cluster [cluster-ClusterId{value='627f81dbb6995e02cfa688ab', description='null'}-localhost:27017] Monitor thread successfully connected to server with description ServerDescription{address=localhost:27017, type=STANDALONE, state=CONNECTED, ok=true, minWireVersion=0, maxWireVersion=13, maxDocumentSize=16777216, logicalSessionTimeoutMinutes=30, roundTripTimeNanos=47913500}
2022-05-14 15:48:03,840 [WARN] org.springframework.data.convert.CustomConversions [restartedMain] Registering converter from class java.time.LocalDateTime to class org.joda.time.LocalDateTime as reading converter although it doesn't convert from a store-supported type! You might want to check your annotation setup at the converter implementation.
2022-05-14 15:48:03,974 [WARN] org.springframework.boot.devtools.autoconfigure.OptionalLiveReloadServer [restartedMain] Unable to start LiveReload server
2022-05-14 15:48:04,040 [WARN] org.springframework.data.convert.CustomConversions [restartedMain] Registering converter from class java.time.LocalDateTime to class org.joda.time.LocalDateTime as reading converter although it doesn't convert from a store-supported type! You might want to check your annotation setup at the converter implementation.
2022-05-14 15:48:05,537 [INFO] org.springframework.security.web.DefaultSecurityFilterChain [restartedMain] Will secure any request with [org.springframework.security.web.context.request.async.WebAsyncManagerIntegrationFilter@7f9702a3, org.springframework.security.web.context.SecurityContextPersistenceFilter@479843b7, org.springframework.security.web.header.HeaderWriterFilter@15756c38, org.springframework.security.web.authentication.logout.LogoutFilter@7a41ab23, org.springframework.security.web.authentication.UsernamePasswordAuthenticationFilter@ecbaf57, org.springframework.security.web.authentication.ui.DefaultLoginPageGeneratingFilter@3788e250, org.springframework.security.web.authentication.ui.DefaultLogoutPageGeneratingFilter@4dd8af6d, org.springframework.security.web.authentication.www.BasicAuthenticationFilter@2455e364, org.springframework.security.web.savedrequest.RequestCacheAwareFilter@2486a0dd, org.springframework.security.web.servletapi.SecurityContextHolderAwareRequestFilter@2c0544e2, org.springframework.security.web.authentication.AnonymousAuthenticationFilter@2b4c5e7a, org.springframework.security.web.session.SessionManagementFilter@32cc91f9, org.springframework.security.web.access.ExceptionTranslationFilter@59685194, org.springframework.security.web.access.intercept.FilterSecurityInterceptor@285e6949]
2022-05-14 15:48:06,330 [INFO] springfox.documentation.spring.web.PropertySourcedRequestMappingHandlerMapping [restartedMain] Mapped URL path [/v2/api-docs] onto method [springfox.documentation.swagger2.web.Swagger2Controller#getDocumentation(String, HttpServletRequest)]
2022-05-14 15:48:06,746 [INFO] org.springframework.cloud.netflix.eureka.config.DiscoveryClientOptionalArgsConfiguration [restartedMain] Eureka HTTP Client uses RestTemplate.
2022-05-14 15:48:06,948 [WARN] org.springframework.cloud.loadbalancer.config.LoadBalancerCacheAutoConfiguration$LoadBalancerCaffeineWarnLogger [restartedMain] Spring Cloud LoadBalancer is currently working with the default cache. While this cache implementation is useful for development and tests, it's recommended to use Caffeine cache in production.You can switch to using Caffeine cache, by adding it and org.springframework.cache.caffeine.CaffeineCacheManager to the classpath.
2022-05-14 15:48:07,030 [INFO] org.springframework.cloud.netflix.eureka.InstanceInfoFactory [restartedMain] Setting initial instance status as: STARTING
2022-05-14 15:48:07,107 [INFO] com.netflix.discovery.DiscoveryClient [restartedMain] Initializing Eureka in region us-east-1
2022-05-14 15:48:07,125 [INFO] com.netflix.discovery.shared.resolver.aws.ConfigClusterResolver [restartedMain] Resolving eureka endpoints via configuration
2022-05-14 15:48:07,170 [INFO] com.netflix.discovery.DiscoveryClient [restartedMain] Disable delta property : false
2022-05-14 15:48:07,170 [INFO] com.netflix.discovery.DiscoveryClient [restartedMain] Single vip registry refresh property : null
2022-05-14 15:48:07,170 [INFO] com.netflix.discovery.DiscoveryClient [restartedMain] Force full registry fetch : false
2022-05-14 15:48:07,170 [INFO] com.netflix.discovery.DiscoveryClient [restartedMain] Application is null : false
2022-05-14 15:48:07,170 [INFO] com.netflix.discovery.DiscoveryClient [restartedMain] Registered Applications size is zero : true
2022-05-14 15:48:07,170 [INFO] com.netflix.discovery.DiscoveryClient [restartedMain] Application version is -1: true
2022-05-14 15:48:07,171 [INFO] com.netflix.discovery.DiscoveryClient [restartedMain] Getting all instance registry info from the eureka server
2022-05-14 15:48:07,621 [INFO] com.netflix.discovery.DiscoveryClient [restartedMain] The response status is 200
2022-05-14 15:48:07,628 [INFO] com.netflix.discovery.DiscoveryClient [restartedMain] Starting heartbeat executor: renew interval is: 30
2022-05-14 15:48:07,635 [INFO] com.netflix.discovery.InstanceInfoReplicator [restartedMain] InstanceInfoReplicator onDemand update allowed rate per min is 4
2022-05-14 15:48:07,657 [INFO] com.netflix.discovery.DiscoveryClient [restartedMain] Discovery Client initialized at timestamp 1652523487656 with initial instances count: 1
2022-05-14 15:48:07,659 [INFO] org.springframework.cloud.netflix.eureka.serviceregistry.EurekaServiceRegistry [restartedMain] Registering application BOOKING-DETAILS-MICROSERVICE with eureka with status UP
2022-05-14 15:48:07,660 [INFO] com.netflix.discovery.DiscoveryClient [restartedMain] Saw local status change event StatusChangeEvent [timestamp=1652523487660, current=UP, previous=STARTING]
2022-05-14 15:48:07,662 [INFO] com.netflix.discovery.DiscoveryClient [DiscoveryClient-InstanceInfoReplicator-0] DiscoveryClient_BOOKING-DETAILS-MICROSERVICE/192.168.1.38:booking-details-microservice:8082: registering service...
2022-05-14 15:48:07,721 [INFO] org.springframework.boot.web.embedded.tomcat.TomcatWebServer [restartedMain] Tomcat started on port(s): 8082 (http) with context path ''
2022-05-14 15:48:07,722 [INFO] org.springframework.cloud.netflix.eureka.serviceregistry.EurekaAutoServiceRegistration [restartedMain] Updating port to 8082
2022-05-14 15:48:07,752 [INFO] com.netflix.discovery.DiscoveryClient [DiscoveryClient-InstanceInfoReplicator-0] DiscoveryClient_BOOKING-DETAILS-MICROSERVICE/192.168.1.38:booking-details-microservice:8082 - registration status: 204
2022-05-14 15:48:07,850 [INFO] springfox.documentation.spring.web.plugins.DocumentationPluginsBootstrapper [restartedMain] Context refreshed
2022-05-14 15:48:07,890 [INFO] springfox.documentation.spring.web.plugins.DocumentationPluginsBootstrapper [restartedMain] Found 1 custom documentation plugin(s)
2022-05-14 15:48:08,071 [INFO] springfox.documentation.spring.web.scanners.ApiListingReferenceScanner [restartedMain] Scanning for api listing references
2022-05-14 15:48:08,296 [INFO] springfox.documentation.spring.web.readers.operation.CachingOperationNameGenerator [restartedMain] Generating unique operation named: openapiJsonUsingGET_1
2022-05-14 15:48:08,326 [INFO] com.booking.details.BookingDetailsMicroServicesApplication [restartedMain] Started BookingDetailsMicroServicesApplication in 12.904 seconds (JVM running for 15.043)
2022-05-14 15:53:07,182 [INFO] com.netflix.discovery.shared.resolver.aws.ConfigClusterResolver [AsyncResolver-bootstrap-executor-0] Resolving eureka endpoints via configuration
2022-05-14 15:54:32,082 [INFO] org.apache.catalina.core.ContainerBase.[Tomcat].[localhost].[/] [http-nio-8082-exec-1] Initializing Spring DispatcherServlet 'dispatcherServlet'
2022-05-14 15:54:32,082 [INFO] org.springframework.web.servlet.DispatcherServlet [http-nio-8082-exec-1] Initializing Servlet 'dispatcherServlet'
2022-05-14 15:54:32,085 [INFO] org.springframework.web.servlet.DispatcherServlet [http-nio-8082-exec-1] Completed initialization in 3 ms
2022-05-14 15:54:32,521 [INFO] org.mongodb.driver.connection [http-nio-8082-exec-1] Opened connection [connectionId{localValue:3, serverValue:12}] to localhost:27017
2022-05-14 15:58:07,197 [INFO] com.netflix.discovery.shared.resolver.aws.ConfigClusterResolver [AsyncResolver-bootstrap-executor-0] Resolving eureka endpoints via configuration
2022-05-14 16:03:07,200 [INFO] com.netflix.discovery.shared.resolver.aws.ConfigClusterResolver [AsyncResolver-bootstrap-executor-0] Resolving eureka endpoints via configuration
2022-05-14 16:08:07,202 [INFO] com.netflix.discovery.shared.resolver.aws.ConfigClusterResolver [AsyncResolver-bootstrap-executor-0] Resolving eureka endpoints via configuration
2022-05-14 16:09:34,869 [INFO] org.springdoc.api.AbstractOpenApiResource [http-nio-8082-exec-6] Init duration for springdoc-openapi is: 1107 ms
2022-05-14 16:13:07,208 [INFO] com.netflix.discovery.shared.resolver.aws.ConfigClusterResolver [AsyncResolver-bootstrap-executor-0] Resolving eureka endpoints via configuration
2022-05-14 16:18:07,216 [INFO] com.netflix.discovery.shared.resolver.aws.ConfigClusterResolver [AsyncResolver-bootstrap-executor-0] Resolving eureka endpoints via configuration
2022-05-14 16:23:07,218 [INFO] com.netflix.discovery.shared.resolver.aws.ConfigClusterResolver [AsyncResolver-bootstrap-executor-0] Resolving eureka endpoints via configuration
2022-05-14 16:28:07,232 [INFO] com.netflix.discovery.shared.resolver.aws.ConfigClusterResolver [AsyncResolver-bootstrap-executor-0] Resolving eureka endpoints via configuration
